CONTEST 1
NEN,Winner,408,Loser,405,Eliminated,76,406,407,409,410,411
NEB,Winner,408,Loser,410,Eliminated
NEN,Winner,405,Loser,407,Eliminated,76,406,408,409,410,411
NEB,Winner,408,Loser,409,Eliminated
NEB,Winner,408,Loser,406,Eliminated
NEB,Winner,408,Loser,411,Eliminated
NEN,Winner,408,Loser,407,Eliminated,76,406,409,410,411
NEN,Winner,408,Loser,407,Eliminated,76,405,406,409,410,411
NEB,Winner,408,Loser,76,Eliminated
CONTEST 2
NEN,Winner,412,Loser,414,Eliminated,75,413
NEN,Winner,412,Loser,413,Eliminated,75,414
NEN,Winner,412,Loser,413,Eliminated,75
NEB,Winner,412,Loser,75,Eliminated
CONTEST 3
NEN,Winner,397,Loser,393,Eliminated,394,395,396,398,399,400,401,402,87
NEN,Winner,397,Loser,402,Eliminated,394,395,396,398,399,400,401,87
NEN,Winner,393,Loser,402,Eliminated,394,395,396,397,398,399,400,401,87
NEB,Winner,393,Loser,399,Eliminated
NEN,Winner,397,Loser,402,Eliminated,393,394,395,396,398,399,400,401,87
NEN,Winner,397,Loser,399,Eliminated,394,395,396,398,400,401,87
NEB,Winner,397,Loser,400,Eliminated
NEN,Winner,402,Loser,399,Eliminated,394,395,396,397,398,400,401,87
NEB,Winner,397,Loser,394,Eliminated
NEN,Winner,397,Loser,399,Eliminated,394,395,396,398,400,401,402,87
NEB,Winner,397,Loser,401,Eliminated
NEB,Winner,397,Loser,395,Eliminated
NEB,Winner,397,Loser,396,Eliminated
NEB,Winner,397,Loser,398,Eliminated
NEB,Winner,397,Loser,87,Eliminated
NEB,Winner,393,Loser,400,Eliminated
NEB,Winner,393,Loser,394,Eliminated
NEB,Winner,393,Loser,396,Eliminated
NEB,Winner,393,Loser,401,Eliminated
NEB,Winner,393,Loser,395,Eliminated
NEB,Winner,393,Loser,398,Eliminated
NEB,Winner,393,Loser,87,Eliminated
